2021-04-07 19:18:56,029 INFO o.a.j.u.JMeterUtils: Setting Locale to en_EN
2021-04-07 19:18:56,108 INFO o.a.j.JMeter: Loading user properties from: C:\Software\apache-jmeter-5.4.1\bin\user.properties
2021-04-07 19:18:56,149 INFO o.a.j.JMeter: Loading system properties from: C:\Software\apache-jmeter-5.4.1\bin\system.properties
2021-04-07 19:18:56,194 INFO o.a.j.JMeter: Copyright (c) 1998-2021 The Apache Software Foundation
2021-04-07 19:18:56,194 INFO o.a.j.JMeter: Version 5.4.1
2021-04-07 19:18:56,195 INFO o.a.j.JMeter: java.version=15.0.1
2021-04-07 19:18:56,195 INFO o.a.j.JMeter: java.vm.name=OpenJDK 64-Bit Server VM
2021-04-07 19:18:56,195 INFO o.a.j.JMeter: os.name=Windows 10
2021-04-07 19:18:56,195 INFO o.a.j.JMeter: os.arch=amd64
2021-04-07 19:18:56,195 INFO o.a.j.JMeter: os.version=10.0
2021-04-07 19:18:56,195 INFO o.a.j.JMeter: file.encoding=Cp1252
2021-04-07 19:18:56,196 INFO o.a.j.JMeter: java.awt.headless=true
2021-04-07 19:18:56,196 INFO o.a.j.JMeter: Max memory     =1073741824
2021-04-07 19:18:56,196 INFO o.a.j.JMeter: Available Processors =2
2021-04-07 19:18:56,213 INFO o.a.j.JMeter: Default Locale=English (EN)
2021-04-07 19:18:56,213 INFO o.a.j.JMeter: JMeter  Locale=English (EN)
2021-04-07 19:18:56,213 INFO o.a.j.JMeter: JMeterHome=C:\Software\apache-jmeter-5.4.1
2021-04-07 19:18:56,214 INFO o.a.j.JMeter: user.dir  =C:\IPAT\gitRepository\ProductAutomationCenter
2021-04-07 19:18:56,215 INFO o.a.j.JMeter: PWD       =C:\IPAT\gitRepository\ProductAutomationCenter
2021-04-07 19:18:56,217 INFO o.a.j.JMeter: IP: 172.19.160.50 Name: LTI-WVD-PERS204 FullName: LTI-WVD-PERS204.lntinfotech.com
2021-04-07 19:18:56,226 ERROR o.a.j.JMeter: An error occurred: 
java.lang.IllegalArgumentException: Cannot write to 'C:\IPAT\gitRepository\ProductAutomationCenter\WebServiceFiles\TC3\VerifyQuote\Results\DefaultResults\HTML' as folder is not empty
	at org.apache.jorphan.util.JOrphanUtils.canSafelyWriteToFolder(JOrphanUtils.java:663) ~[jorphan.jar:5.4.1]
	at org.apache.jorphan.util.JOrphanUtils.canSafelyWriteToFolder(JOrphanUtils.java:619) ~[jorphan.jar:5.4.1]
	at org.apache.jmeter.JMeter.extractAndSetReportOutputFolder(JMeter.java:609) ~[ApacheJMeter_core.jar:5.4.1]
	at org.apache.jmeter.JMeter.start(JMeter.java:556) [ApacheJMeter_core.jar:5.4.1]
	at jdk.internal.reflect.NativeMethodAccessorImpl.invoke0(Native Method) ~[?:?]
	at jdk.internal.reflect.NativeMethodAccessorImpl.invoke(NativeMethodAccessorImpl.java:64) ~[?:?]
	at jdk.internal.reflect.DelegatingMethodAccessorImpl.invoke(DelegatingMethodAccessorImpl.java:43) ~[?:?]
	at java.lang.reflect.Method.invoke(Method.java:564) ~[?:?]
	at org.apache.jmeter.NewDriver.main(NewDriver.java:254) [ApacheJMeter.jar:5.4.1]
